2014-03-31 21:39:22 Error: Fatal Error (4): syntax error, unexpected T_CONSTANT_ENCAPSED_STRING, expecting T_VARIABLE in [C:\wamp\www\transportApp\Model\Transport.php, line 70]
2014-03-31 21:39:22 Error: [FatalErrorException] syntax error, unexpected T_CONSTANT_ENCAPSED_STRING, expecting T_VARIABLE
Request URL: /transportApp/Transports
Stack Trace:
#0 C:\wamp\www\cakephp\lib\Cake\Error\ErrorHandler.php(184): ErrorHandler::handleFatalError(4, 'syntax error, u...', 'C:\wamp\www\tra...', 70)
#1 [internal function]: ErrorHandler::handleError(4, 'syntax error, u...', 'C:\wamp\www\tra...', 70, Array)
#2 C:\wamp\www\cakephp\lib\Cake\Core\App.php(931): call_user_func('ErrorHandler::h...', 4, 'syntax error, u...', 'C:\wamp\www\tra...', 70, Array)
#3 C:\wamp\www\cakephp\lib\Cake\Core\App.php(904): App::_checkFatalError()
#4 [internal function]: App::shutdown()
#5 {main}
2014-03-31 21:40:03 Error: [PDOException] SQLSTATE[23000]: Integrity constraint violation: 1048 Column 'numero' cannot be null
Request URL: /transportApp/Transports/add
Stack Trace:
#0 C:\wamp\www\cakephp\lib\Cake\Model\Datasource\DboSource.php(460): PDOStatement->execute(Array)
#1 C:\wamp\www\cakephp\lib\Cake\Model\Datasource\DboSource.php(426): DboSource->_execute('INSERT INTO `tr...', Array)
#2 C:\wamp\www\cakephp\lib\Cake\Model\Datasource\DboSource.php(1004): DboSource->execute('INSERT INTO `tr...')
#3 C:\wamp\www\cakephp\lib\Cake\Model\Model.php(1744): DboSource->create(Object(Transport), Array, Array)
#4 C:\wamp\www\cakephp\lib\Cake\Controller\Scaffold.php(245): Model->save(Array)
#5 C:\wamp\www\cakephp\lib\Cake\Controller\Scaffold.php(394): Scaffold->_scaffoldSave(Object(CakeRequest), 'add')
#6 C:\wamp\www\cakephp\lib\Cake\Controller\Scaffold.php(153): Scaffold->_scaffold(Object(CakeRequest))
#7 C:\wamp\www\cakephp\lib\Cake\Controller\Controller.php(531): Scaffold->__construct(Object(TransportsController), Object(CakeRequest))
#8 C:\wamp\www\cakephp\lib\Cake\Controller\Controller.php(490): Controller->_getScaffold(Object(CakeRequest))
#9 C:\wamp\www\cakephp\lib\Cake\Routing\Dispatcher.php(187): Controller->invokeAction(Object(CakeRequest))
#10 C:\wamp\www\cakephp\lib\Cake\Routing\Dispatcher.php(162): Dispatcher->_invoke(Object(TransportsController), Object(CakeRequest), Object(CakeResponse))
#11 C:\wamp\www\transportApp\webroot\index.php(111): Dispatcher->dispatch(Object(CakeRequest), Object(CakeResponse))
#12 {main}
2014-04-02 08:58:22 Error: [MissingActionException] Action TransportsController::add() could not be found.
Exception Attributes: array (
  'controller' => 'TransportsController',
  'action' => 'add',
)
Request URL: /transportApp/Transports/add
Stack Trace:
#0 C:\wamp\www\cakephp\lib\Cake\Routing\Dispatcher.php(187): Controller->invokeAction(Object(CakeRequest))
#1 C:\wamp\www\cakephp\lib\Cake\Routing\Dispatcher.php(162): Dispatcher->_invoke(Object(TransportsController), Object(CakeRequest), Object(CakeResponse))
#2 C:\wamp\www\transportApp\webroot\index.php(111): Dispatcher->dispatch(Object(CakeRequest), Object(CakeResponse))
#3 {main}
2014-04-02 09:15:26 Error: [MissingControllerException] Controller class CmsController could not be found.
Exception Attributes: array (
  'class' => 'CmsController',
  'plugin' => NULL,
)
Request URL: /transportApp/cms/css/login.css
Stack Trace:
#0 C:\wamp\www\transportApp\webroot\index.php(111): Dispatcher->dispatch(Object(CakeRequest), Object(CakeResponse))
#1 {main}
2014-04-02 09:15:44 Error: [MissingControllerException] Controller class CmsController could not be found.
Exception Attributes: array (
  'class' => 'CmsController',
  'plugin' => NULL,
)
Request URL: /transportApp/cms/css/login.css
Stack Trace:
#0 C:\wamp\www\transportApp\webroot\index.php(111): Dispatcher->dispatch(Object(CakeRequest), Object(CakeResponse))
#1 {main}
2014-04-02 09:16:53 Error: [MissingControllerException] Controller class CmsController could not be found.
Exception Attributes: array (
  'class' => 'CmsController',
  'plugin' => NULL,
)
Request URL: /transportApp/cms/css/login.css
Stack Trace:
#0 C:\wamp\www\transportApp\webroot\index.php(111): Dispatcher->dispatch(Object(CakeRequest), Object(CakeResponse))
#1 {main}
2014-04-02 09:16:55 Error: [MissingControllerException] Controller class CmsController could not be found.
Exception Attributes: array (
  'class' => 'CmsController',
  'plugin' => NULL,
)
Request URL: /transportApp/cms/css/login.css
Stack Trace:
#0 C:\wamp\www\transportApp\webroot\index.php(111): Dispatcher->dispatch(Object(CakeRequest), Object(CakeResponse))
#1 {main}
2014-04-02 09:18:28 Error: [MissingControllerException] Controller class ImgController could not be found.
Exception Attributes: array (
  'class' => 'ImgController',
  'plugin' => NULL,
)
Request URL: /transportApp/img/bg_login_top.jpg
Stack Trace:
#0 C:\wamp\www\transportApp\webroot\index.php(111): Dispatcher->dispatch(Object(CakeRequest), Object(CakeResponse))
#1 {main}
2014-04-02 09:18:28 Error: [MissingControllerException] Controller class ImgController could not be found.
Exception Attributes: array (
  'class' => 'ImgController',
  'plugin' => NULL,
)
Request URL: /transportApp/img/i_ok.png
Stack Trace:
#0 C:\wamp\www\transportApp\webroot\index.php(111): Dispatcher->dispatch(Object(CakeRequest), Object(CakeResponse))
#1 {main}
2014-04-02 09:18:40 Error: [MissingControllerException] Controller class ImgController could not be found.
Exception Attributes: array (
  'class' => 'ImgController',
  'plugin' => NULL,
)
Request URL: /transportApp/img/bg_login_top.jpg
Stack Trace:
#0 C:\wamp\www\transportApp\webroot\index.php(111): Dispatcher->dispatch(Object(CakeRequest), Object(CakeResponse))
#1 {main}
2014-04-02 09:18:40 Error: [MissingControllerException] Controller class ImgController could not be found.
Exception Attributes: array (
  'class' => 'ImgController',
  'plugin' => NULL,
)
Request URL: /transportApp/img/i_ok.png
Stack Trace:
#0 C:\wamp\www\transportApp\webroot\index.php(111): Dispatcher->dispatch(Object(CakeRequest), Object(CakeResponse))
#1 {main}
2014-04-02 09:27:01 Error: [MissingControllerException] Controller class ImgController could not be found.
Exception Attributes: array (
  'class' => 'ImgController',
  'plugin' => NULL,
)
Request URL: /transportApp/img/bg_login_top.jpg
Stack Trace:
#0 C:\wamp\www\transportApp\webroot\index.php(111): Dispatcher->dispatch(Object(CakeRequest), Object(CakeResponse))
#1 {main}
2014-04-02 09:27:01 Error: [MissingControllerException] Controller class ImgController could not be found.
Exception Attributes: array (
  'class' => 'ImgController',
  'plugin' => NULL,
)
Request URL: /transportApp/img/i_ok.png
Stack Trace:
#0 C:\wamp\www\transportApp\webroot\index.php(111): Dispatcher->dispatch(Object(CakeRequest), Object(CakeResponse))
#1 {main}
2014-04-02 09:30:18 Error: [MissingControllerException] Controller class ImgController could not be found.
Exception Attributes: array (
  'class' => 'ImgController',
  'plugin' => NULL,
)
Request URL: /transportApp/img/bg_login_top.jpg
Stack Trace:
#0 C:\wamp\www\transportApp\webroot\index.php(111): Dispatcher->dispatch(Object(CakeRequest), Object(CakeResponse))
#1 {main}
2014-04-02 09:31:16 Error: [MissingControllerException] Controller class ImgController could not be found.
Exception Attributes: array (
  'class' => 'ImgController',
  'plugin' => NULL,
)
Request URL: /transportApp/img/i_ok.png
Stack Trace:
#0 C:\wamp\www\transportApp\webroot\index.php(111): Dispatcher->dispatch(Object(CakeRequest), Object(CakeResponse))
#1 {main}
2014-04-02 09:31:16 Error: [MissingControllerException] Controller class ImgController could not be found.
Exception Attributes: array (
  'class' => 'ImgController',
  'plugin' => NULL,
)
Request URL: /transportApp/img/bg_login_top.jpg
Stack Trace:
#0 C:\wamp\www\transportApp\webroot\index.php(111): Dispatcher->dispatch(Object(CakeRequest), Object(CakeResponse))
#1 {main}
2014-04-02 09:43:30 Error: [MissingControllerException] Controller class ImgController could not be found.
Exception Attributes: array (
  'class' => 'ImgController',
  'plugin' => NULL,
)
Request URL: /transportApp/img/i_ok.png
Stack Trace:
#0 C:\wamp\www\transportApp\webroot\index.php(111): Dispatcher->dispatch(Object(CakeRequest), Object(CakeResponse))
#1 {main}
2014-04-02 09:43:31 Error: [MissingControllerException] Controller class ImgController could not be found.
Exception Attributes: array (
  'class' => 'ImgController',
  'plugin' => NULL,
)
Request URL: /transportApp/img/bg_login_top.jpg
Stack Trace:
#0 C:\wamp\www\transportApp\webroot\index.php(111): Dispatcher->dispatch(Object(CakeRequest), Object(CakeResponse))
#1 {main}
2014-04-02 09:45:32 Error: [MissingControllerException] Controller class ImgController could not be found.
Exception Attributes: array (
  'class' => 'ImgController',
  'plugin' => NULL,
)
Request URL: /transportApp/img/i_ok.png
Stack Trace:
#0 C:\wamp\www\transportApp\webroot\index.php(111): Dispatcher->dispatch(Object(CakeRequest), Object(CakeResponse))
#1 {main}
2014-04-02 09:45:33 Error: [MissingControllerException] Controller class ImgController could not be found.
Exception Attributes: array (
  'class' => 'ImgController',
  'plugin' => NULL,
)
Request URL: /transportApp/img/bg_login_top.jpg
Stack Trace:
#0 C:\wamp\www\transportApp\webroot\index.php(111): Dispatcher->dispatch(Object(CakeRequest), Object(CakeResponse))
#1 {main}
2014-04-02 09:46:47 Error: [MissingControllerException] Controller class ImgController could not be found.
Exception Attributes: array (
  'class' => 'ImgController',
  'plugin' => NULL,
)
Request URL: /transportApp/img/i_ok.png
Stack Trace:
#0 C:\wamp\www\transportApp\webroot\index.php(111): Dispatcher->dispatch(Object(CakeRequest), Object(CakeResponse))
#1 {main}
2014-04-02 09:46:47 Error: [MissingControllerException] Controller class ImgController could not be found.
Exception Attributes: array (
  'class' => 'ImgController',
  'plugin' => NULL,
)
Request URL: /transportApp/img/bg_login_top.jpg
Stack Trace:
#0 C:\wamp\www\transportApp\webroot\index.php(111): Dispatcher->dispatch(Object(CakeRequest), Object(CakeResponse))
#1 {main}
2014-04-02 09:48:38 Error: [MissingControllerException] Controller class ImgController could not be found.
Exception Attributes: array (
  'class' => 'ImgController',
  'plugin' => NULL,
)
Request URL: /transportApp/img/i_ok.png
Stack Trace:
#0 C:\wamp\www\transportApp\webroot\index.php(111): Dispatcher->dispatch(Object(CakeRequest), Object(CakeResponse))
#1 {main}
2014-04-02 09:49:35 Error: [MissingControllerException] Controller class ImgController could not be found.
Exception Attributes: array (
  'class' => 'ImgController',
  'plugin' => NULL,
)
Request URL: /transportApp/img/i_ok.png
Stack Trace:
#0 C:\wamp\www\transportApp\webroot\index.php(111): Dispatcher->dispatch(Object(CakeRequest), Object(CakeResponse))
#1 {main}
2014-04-02 09:49:35 Error: [MissingControllerException] Controller class ImgController could not be found.
Exception Attributes: array (
  'class' => 'ImgController',
  'plugin' => NULL,
)
Request URL: /transportApp/img/bg_login_top.jpg
Stack Trace:
#0 C:\wamp\www\transportApp\webroot\index.php(111): Dispatcher->dispatch(Object(CakeRequest), Object(CakeResponse))
#1 {main}
2014-04-02 09:49:40 Error: [MissingControllerException] Controller class ImgController could not be found.
Exception Attributes: array (
  'class' => 'ImgController',
  'plugin' => NULL,
)
Request URL: /transportApp/img/bg_login_top.jpg
Stack Trace:
#0 C:\wamp\www\transportApp\webroot\index.php(111): Dispatcher->dispatch(Object(CakeRequest), Object(CakeResponse))
#1 {main}
2014-04-02 09:50:33 Error: [MissingControllerException] Controller class ImgController could not be found.
Exception Attributes: array (
  'class' => 'ImgController',
  'plugin' => NULL,
)
Request URL: /transportApp/img/bg_login_top.jpg
Stack Trace:
#0 C:\wamp\www\transportApp\webroot\index.php(111): Dispatcher->dispatch(Object(CakeRequest), Object(CakeResponse))
#1 {main}
2014-04-02 09:50:34 Error: [MissingControllerException] Controller class ImgController could not be found.
Exception Attributes: array (
  'class' => 'ImgController',
  'plugin' => NULL,
)
Request URL: /transportApp/img/i_ok.png
Stack Trace:
#0 C:\wamp\www\transportApp\webroot\index.php(111): Dispatcher->dispatch(Object(CakeRequest), Object(CakeResponse))
#1 {main}
2014-04-02 09:57:57 Error: [MissingControllerException] Controller class ImgController could not be found.
Exception Attributes: array (
  'class' => 'ImgController',
  'plugin' => NULL,
)
Request URL: /transportApp/img/i_ok.png
Stack Trace:
#0 C:\wamp\www\transportApp\webroot\index.php(111): Dispatcher->dispatch(Object(CakeRequest), Object(CakeResponse))
#1 {main}
2014-04-02 09:57:57 Error: [MissingControllerException] Controller class ImgController could not be found.
Exception Attributes: array (
  'class' => 'ImgController',
  'plugin' => NULL,
)
Request URL: /transportApp/img/bg_login_top.jpg
Stack Trace:
#0 C:\wamp\www\transportApp\webroot\index.php(111): Dispatcher->dispatch(Object(CakeRequest), Object(CakeResponse))
#1 {main}
2014-04-02 09:58:38 Error: [MissingControllerException] Controller class ImgController could not be found.
Exception Attributes: array (
  'class' => 'ImgController',
  'plugin' => NULL,
)
Request URL: /transportApp/img/bg_login_top.jpg
Stack Trace:
#0 C:\wamp\www\transportApp\webroot\index.php(111): Dispatcher->dispatch(Object(CakeRequest), Object(CakeResponse))
#1 {main}
2014-04-02 09:58:38 Error: [MissingControllerException] Controller class ImgController could not be found.
Exception Attributes: array (
  'class' => 'ImgController',
  'plugin' => NULL,
)
Request URL: /transportApp/img/i_ok.png
Stack Trace:
#0 C:\wamp\www\transportApp\webroot\index.php(111): Dispatcher->dispatch(Object(CakeRequest), Object(CakeResponse))
#1 {main}
2014-04-02 10:03:18 Error: [MissingControllerException] Controller class ImgController could not be found.
Exception Attributes: array (
  'class' => 'ImgController',
  'plugin' => NULL,
)
Request URL: /transportApp/img/i_ok.png
Stack Trace:
#0 C:\wamp\www\transportApp\webroot\index.php(111): Dispatcher->dispatch(Object(CakeRequest), Object(CakeResponse))
#1 {main}
2014-04-02 10:03:18 Error: [MissingControllerException] Controller class ImgController could not be found.
Exception Attributes: array (
  'class' => 'ImgController',
  'plugin' => NULL,
)
Request URL: /transportApp/img/bg_login_top.jpg
Stack Trace:
#0 C:\wamp\www\transportApp\webroot\index.php(111): Dispatcher->dispatch(Object(CakeRequest), Object(CakeResponse))
#1 {main}
2014-04-02 10:03:34 Error: [MissingControllerException] Controller class ImgController could not be found.
Exception Attributes: array (
  'class' => 'ImgController',
  'plugin' => NULL,
)
Request URL: /transportApp/img/bg_login_top.jpg
Stack Trace:
#0 C:\wamp\www\transportApp\webroot\index.php(111): Dispatcher->dispatch(Object(CakeRequest), Object(CakeResponse))
#1 {main}
2014-04-02 10:03:34 Error: [MissingControllerException] Controller class ImgController could not be found.
Exception Attributes: array (
  'class' => 'ImgController',
  'plugin' => NULL,
)
Request URL: /transportApp/img/i_ok.png
Stack Trace:
#0 C:\wamp\www\transportApp\webroot\index.php(111): Dispatcher->dispatch(Object(CakeRequest), Object(CakeResponse))
#1 {main}
2014-04-02 10:03:51 Error: [MissingControllerException] Controller class ImgController could not be found.
Exception Attributes: array (
  'class' => 'ImgController',
  'plugin' => NULL,
)
Request URL: /transportApp/img/bg_login_top.jpg
Stack Trace:
#0 C:\wamp\www\transportApp\webroot\index.php(111): Dispatcher->dispatch(Object(CakeRequest), Object(CakeResponse))
#1 {main}
2014-04-02 10:03:51 Error: [MissingControllerException] Controller class ImgController could not be found.
Exception Attributes: array (
  'class' => 'ImgController',
  'plugin' => NULL,
)
Request URL: /transportApp/img/i_ok.png
Stack Trace:
#0 C:\wamp\www\transportApp\webroot\index.php(111): Dispatcher->dispatch(Object(CakeRequest), Object(CakeResponse))
#1 {main}
2014-04-02 10:04:08 Error: [MissingControllerException] Controller class ImgController could not be found.
Exception Attributes: array (
  'class' => 'ImgController',
  'plugin' => NULL,
)
Request URL: /transportApp/img/bg_login_top.jpg
Stack Trace:
#0 C:\wamp\www\transportApp\webroot\index.php(111): Dispatcher->dispatch(Object(CakeRequest), Object(CakeResponse))
#1 {main}
2014-04-02 10:04:08 Error: [MissingControllerException] Controller class ImgController could not be found.
Exception Attributes: array (
  'class' => 'ImgController',
  'plugin' => NULL,
)
Request URL: /transportApp/img/i_ok.png
Stack Trace:
#0 C:\wamp\www\transportApp\webroot\index.php(111): Dispatcher->dispatch(Object(CakeRequest), Object(CakeResponse))
#1 {main}
2014-04-02 10:04:42 Error: [MissingControllerException] Controller class ImgController could not be found.
Exception Attributes: array (
  'class' => 'ImgController',
  'plugin' => NULL,
)
Request URL: /transportApp/img/bg_login_top.jpg
Stack Trace:
#0 C:\wamp\www\transportApp\webroot\index.php(111): Dispatcher->dispatch(Object(CakeRequest), Object(CakeResponse))
#1 {main}
2014-04-02 10:04:42 Error: [MissingControllerException] Controller class ImgController could not be found.
Exception Attributes: array (
  'class' => 'ImgController',
  'plugin' => NULL,
)
Request URL: /transportApp/img/i_ok.png
Stack Trace:
#0 C:\wamp\www\transportApp\webroot\index.php(111): Dispatcher->dispatch(Object(CakeRequest), Object(CakeResponse))
#1 {main}
